<?xml version="1.0" encoding="UTF-8"?>
<!-- Generated by org.testng.reporters.JUnitReportReporter -->
<testsuite hostname="LAPTOP-M7MT5PPL" failures="0" tests="1" name="DemoQA.tables" time="17.315" errors="0" timestamp="2024-03-19T19:29:18 IST" skipped="0">
  <testcase classname="DemoQA.tables" name="ERadio" time="17.315"/>
  <system-out/>
</testsuite> <!-- DemoQA.tables -->
