<?xml version="1.0" encoding="UTF-8"?>
<!-- Generated by org.testng.reporters.JUnitReportReporter -->
<testsuite hostname="LAPTOP-M7MT5PPL" failures="0" tests="1" name="DemoQA1.Buttons" time="37.401" errors="0" timestamp="2024-03-19T19:29:18 IST" skipped="0">
  <testcase classname="DemoQA1.Buttons" name="doubleclick" time="37.401"/>
  <system-out/>
</testsuite> <!-- DemoQA1.Buttons -->
