<?xml version="1.0" encoding="UTF-8"?>
<!-- Generated by org.testng.reporters.JUnitReportReporter -->
<testsuite hostname="LAPTOP-M7MT5PPL" failures="0" tests="1" name="DemoQA.Radio" time="31.904" errors="0" timestamp="2024-03-19T19:29:18 IST" skipped="0">
  <testcase classname="DemoQA.Radio" name="ERadio" time="31.904"/>
  <system-out/>
</testsuite> <!-- DemoQA.Radio -->
