<?xml version="1.0" encoding="UTF-8"?>
<!-- Generated by org.testng.reporters.JUnitReportReporter -->
<testsuite hostname="LAPTOP-M7MT5PPL" failures="0" tests="1" name="DemoQA.checkbox" time="32.008" errors="0" timestamp="2024-03-19T19:29:18 IST" skipped="0">
  <testcase classname="DemoQA.checkbox" name="Echeck" time="32.008"/>
  <system-out/>
</testsuite> <!-- DemoQA.checkbox -->
